
ROM used: 3021 (37%)
          3029 (37%) including unused fragments

          2 Average locations per line
          5 Average locations per statement

RAM used: 118 (32%) at main() level
          181 (49%) worst case

Stack used: 5 worst case (out of 5 total available)

Lines Stmts  %   Files
----- ----- ---  -----
  183   104  17  DA C.c
  308     0   0  C:\Program Files (x86)\PICC\devices\16f877a.h
  874   389  63  C:\Program Files (x86)\PICC\drivers\stdlib.h
   28     0   0  C:\Program Files (x86)\PICC\drivers\stddef.h
  417   126  20  C:\Program Files (x86)\PICC\drivers\string.h
   28     0   0  C:\Program Files (x86)\PICC\drivers\ctype.h
----- -----
 1838   619 Total

Page ROM  %  RAM   Vol Diff  Functions:
---- --- --- ---   --- ----  ----------
0    319  11  21  1168  9.5  atof
0    119   4  13             @MULFF
0     31   1   2             @ITOF
0    430  14  16             @ADDFF
0    204   7  14             @DIVFF
1     41   1   5             @DIV1616
1     20   1   1             @delay_ms1
0      7   0   0    16  1.0  dem_encoder
0    557  18  12   616  5.8  ngat_timer1
0     65   2  10             @FLT
0     35   1   4             @SFTOI
0    175   6   2   753  6.7  serial_isr
1    176   6   6   394  6.4  do_dong
0     22   1   0    90  1.6  SyncInt
1    318  11   4  1054  3.5  MAIN
1     35   1   5             @FTOSD
1     68   2  13  1058  3.5  @DIV3232
1    234   8  13             @PRINTF_L32D_9600_62_63FPFPF
1     23   1   3             @DIV88
1     66   2   2             @PRINTF_U_9600_62_63

Program metrics:
    Functions               8
    Statements              619
    Comments                882
    Volume (V)              7426
    Difficilty (D)          38.2
    Effort to implement (E) 283827
    Time to implement (T)   4 hours, 23 minutes
    Est Delivered Bugs (B)  1
    Cyclomatic Complexity   20
    Maintainability (MI)    38

 Segment     Used  Free
-----------  ----  ----
00000-00003     4  0  
00004-0004B    72  0  
0004C-007FF  1964  8  
00800-00FFF   981  1067  
01000-017FF     0  2048  
01800-01FFF     0  2048  



THE FOLLOWING IS TEMPORARY FOR DIAGNOSTIC USE ONLY:

    n1    n2    N1    N2   v(G)
    19    78    99    78     5    atof
     0     1     0     0     0    @MULFF
     0     1     0     0     0    @ITOF
     0     1     0     0     0    @ADDFF
     0     1     0     0     0    @DIVFF
     0     1     0     0     0    @DIV1616
     0     1     0     0     0    @delay_ms1
     4     2     5     1     0    dem_encoder
    12    51    54    49     2    ngat_timer1
     0     1     0     0     0    @FLT
     0     1     0     0     0    @SFTOI
    14    47    82    45     8    serial_isr
    14    33    41    30     2    do_dong
     4    11    14     9     3    SyncInt
     7    79    85    79     0    MAIN
     0     1     0     0     0    @FTOSD
     7    78    87    78     0    @DIV3232
     0     1     0     0     0    @PRINTF_L32D_9600_62_63FPFPF
     0     1     0     0     0    @DIV88
     0     1     0     0     0    @PRINTF_U_9600_62_63
